<?xml version="1.0" encoding="UTF-8"?>
<coverage generated="1570559949">
  <project timestamp="1570559949">
    <package name="Knack\ZeroBounce\API">
      <file name="/Users/dougwoodrow/Developer/Knack/knack-zerobounce/src/Knack/ZeroBounce/API/ZeroBounce.php">
        <class name="Knack\ZeroBounce\API\ZeroBounce" namespace="Knack\ZeroBounce\API">
          <metrics complexity="4" methods="3" coveredmethods="2" conditionals="0" coveredconditionals="0" statements="27" coveredstatements="25" elements="30" coveredelements="27"/>
        </class>
        <line num="3" type="stmt" count="1"/>
        <line num="19" type="method" name="__construct" visibility="public" complexity="1" crap="1" count="5"/>
        <line num="20" type="stmt" count="5"/>
        <line num="21" type="stmt" count="5"/>
        <line num="33" type="method" name="validate" visibility="public" complexity="2" crap="2.00" count="2"/>
        <line num="35" type="stmt" count="2"/>
        <line num="37" type="stmt" count="2"/>
        <line num="38" type="stmt" count="2"/>
        <line num="39" type="stmt" count="2"/>
        <line num="40" type="stmt" count="2"/>
        <line num="41" type="stmt" count="2"/>
        <line num="42" type="stmt" count="2"/>
        <line num="43" type="stmt" count="2"/>
        <line num="44" type="stmt" count="2"/>
        <line num="45" type="stmt" count="2"/>
        <line num="46" type="stmt" count="2"/>
        <line num="47" type="stmt" count="2"/>
        <line num="48" type="stmt" count="2"/>
        <line num="49" type="stmt" count="2"/>
        <line num="50" type="stmt" count="2"/>
        <line num="51" type="stmt" count="2"/>
        <line num="52" type="stmt" count="2"/>
        <line num="53" type="stmt" count="2"/>
        <line num="54" type="stmt" count="2"/>
        <line num="55" type="stmt" count="2"/>
        <line num="56" type="stmt" count="2"/>
        <line num="59" type="stmt" count="2"/>
        <line num="60" type="stmt" count="0"/>
        <line num="61" type="stmt" count="0"/>
        <line num="70" type="method" name="getAccountCredits" visibility="public" complexity="1" crap="1" count="2"/>
        <line num="71" type="stmt" count="2"/>
        <metrics loc="72" ncloc="52" classes="1" methods="3" coveredmethods="2" conditionals="0" coveredconditionals="0" statements="28" coveredstatements="26" elements="31" coveredelements="28"/>
      </file>
    </package>
    <file name="/Users/dougwoodrow/Developer/Knack/knack-zerobounce/src/Knack/ZeroBounce/API/ZeroBounceAPI.php">
      <class name="ZeroBounceAPI" namespace="global">
        <metrics complexity="7" methods="4" coveredmethods="3" conditionals="0" coveredconditionals="0" statements="17" coveredstatements="16" elements="21" coveredelements="19"/>
      </class>
      <line num="15" type="method" name="__construct" visibility="public" complexity="1" crap="1" count="5"/>
      <line num="16" type="stmt" count="5"/>
      <line num="17" type="stmt" count="5"/>
      <line num="18" type="stmt" count="5"/>
      <line num="28" type="method" name="apiCall" visibility="private" complexity="4" crap="4.02" count="4"/>
      <line num="29" type="stmt" count="4"/>
      <line num="30" type="stmt" count="1"/>
      <line num="33" type="stmt" count="3"/>
      <line num="34" type="stmt" count="3"/>
      <line num="35" type="stmt" count="3"/>
      <line num="37" type="stmt" count="3"/>
      <line num="38" type="stmt" count="3"/>
      <line num="41" type="stmt" count="3"/>
      <line num="42" type="stmt" count="3"/>
      <line num="45" type="stmt" count="0"/>
      <line num="51" type="method" name="getCredits" visibility="public" complexity="1" crap="1" count="2"/>
      <line num="52" type="stmt" count="2"/>
      <line num="63" type="method" name="validate" visibility="public" complexity="1" crap="1" count="2"/>
      <line num="64" type="stmt" count="2"/>
      <line num="65" type="stmt" count="2"/>
      <line num="66" type="stmt" count="2"/>
      <metrics loc="68" ncloc="49" classes="1" methods="4" coveredmethods="3" conditionals="0" coveredconditionals="0" statements="17" coveredstatements="16" elements="21" coveredelements="19"/>
    </file>
    <package name="Knack\ZeroBounce\Enums">
      <file name="/Users/dougwoodrow/Developer/Knack/knack-zerobounce/src/Knack/ZeroBounce/Enums/GenderEnum.php">
        <class name="Knack\ZeroBounce\Enums\GenderEnum" namespace="Knack\ZeroBounce\Enums">
          <metrics complexity="3" methods="1" coveredmethods="0" conditionals="0" coveredconditionals="0" statements="6" coveredstatements="5" elements="7" coveredelements="5"/>
        </class>
        <line num="13" type="method" name="from" visibility="public" complexity="3" crap="3.04" count="4"/>
        <line num="14" type="stmt" count="4"/>
        <line num="15" type="stmt" count="4"/>
        <line num="16" type="stmt" count="3"/>
        <line num="17" type="stmt" count="1"/>
        <line num="18" type="stmt" count="0"/>
        <line num="20" type="stmt" count="1"/>
        <metrics loc="22" ncloc="17" classes="1" methods="1" coveredmethods="0" conditionals="0" coveredconditionals="0" statements="6" coveredstatements="5" elements="7" coveredelements="5"/>
      </file>
      <file name="/Users/dougwoodrow/Developer/Knack/knack-zerobounce/src/Knack/ZeroBounce/Enums/StatusEnum.php">
        <class name="Knack\ZeroBounce\Enums\StatusEnum" namespace="Knack\ZeroBounce\Enums">
          <metrics complexity="8" methods="1" coveredmethods="0" conditionals="0" coveredconditionals="0" statements="16" coveredstatements="10" elements="17" coveredelements="10"/>
        </class>
        <line num="23" type="method" name="from" visibility="public" complexity="8" crap="11.38" count="4"/>
        <line num="24" type="stmt" count="4"/>
        <line num="25" type="stmt" count="4"/>
        <line num="26" type="stmt" count="3"/>
        <line num="27" type="stmt" count="1"/>
        <line num="28" type="stmt" count="0"/>
        <line num="29" type="stmt" count="1"/>
        <line num="30" type="stmt" count="0"/>
        <line num="31" type="stmt" count="1"/>
        <line num="32" type="stmt" count="0"/>
        <line num="33" type="stmt" count="1"/>
        <line num="34" type="stmt" count="0"/>
        <line num="35" type="stmt" count="1"/>
        <line num="36" type="stmt" count="0"/>
        <line num="37" type="stmt" count="1"/>
        <line num="38" type="stmt" count="0"/>
        <line num="40" type="stmt" count="1"/>
        <metrics loc="42" ncloc="37" classes="1" methods="1" coveredmethods="0" conditionals="0" coveredconditionals="0" statements="16" coveredstatements="10" elements="17" coveredelements="10"/>
      </file>
      <file name="/Users/dougwoodrow/Developer/Knack/knack-zerobounce/src/Knack/ZeroBounce/Enums/SubStatusEnum.php">
        <class name="Knack\ZeroBounce\Enums\SubStatusEnum" namespace="Knack\ZeroBounce\Enums">
          <metrics complexity="22" methods="1" coveredmethods="0" conditionals="0" coveredconditionals="0" statements="44" coveredstatements="24" elements="45" coveredelements="24"/>
        </class>
        <line num="51" type="method" name="from" visibility="public" complexity="22" crap="67.45" count="4"/>
        <line num="52" type="stmt" count="4"/>
        <line num="53" type="stmt" count="4"/>
        <line num="54" type="stmt" count="1"/>
        <line num="55" type="stmt" count="3"/>
        <line num="56" type="stmt" count="0"/>
        <line num="57" type="stmt" count="3"/>
        <line num="58" type="stmt" count="0"/>
        <line num="59" type="stmt" count="3"/>
        <line num="60" type="stmt" count="0"/>
        <line num="61" type="stmt" count="3"/>
        <line num="62" type="stmt" count="0"/>
        <line num="63" type="stmt" count="3"/>
        <line num="64" type="stmt" count="0"/>
        <line num="65" type="stmt" count="3"/>
        <line num="66" type="stmt" count="0"/>
        <line num="67" type="stmt" count="3"/>
        <line num="68" type="stmt" count="0"/>
        <line num="69" type="stmt" count="3"/>
        <line num="70" type="stmt" count="0"/>
        <line num="71" type="stmt" count="3"/>
        <line num="72" type="stmt" count="0"/>
        <line num="73" type="stmt" count="3"/>
        <line num="74" type="stmt" count="0"/>
        <line num="75" type="stmt" count="3"/>
        <line num="76" type="stmt" count="0"/>
        <line num="77" type="stmt" count="3"/>
        <line num="78" type="stmt" count="0"/>
        <line num="79" type="stmt" count="3"/>
        <line num="80" type="stmt" count="0"/>
        <line num="81" type="stmt" count="3"/>
        <line num="82" type="stmt" count="0"/>
        <line num="83" type="stmt" count="3"/>
        <line num="84" type="stmt" count="0"/>
        <line num="85" type="stmt" count="3"/>
        <line num="86" type="stmt" count="0"/>
        <line num="87" type="stmt" count="3"/>
        <line num="88" type="stmt" count="0"/>
        <line num="89" type="stmt" count="3"/>
        <line num="90" type="stmt" count="0"/>
        <line num="91" type="stmt" count="3"/>
        <line num="92" type="stmt" count="0"/>
        <line num="93" type="stmt" count="3"/>
        <line num="94" type="stmt" count="0"/>
        <line num="96" type="stmt" count="3"/>
        <metrics loc="98" ncloc="93" classes="1" methods="1" coveredmethods="0" conditionals="0" coveredconditionals="0" statements="44" coveredstatements="24" elements="45" coveredelements="24"/>
      </file>
    </package>
    <package name="Knack\ZeroBounce\Exceptions">
      <file name="/Users/dougwoodrow/Developer/Knack/knack-zerobounce/src/Knack/ZeroBounce/Exceptions/EmptyAPIKeyException.php">
        <class name="Knack\ZeroBounce\Exceptions\EmptyAPIKeyException" namespace="Knack\ZeroBounce\Exceptions">
          <metrics complexity="1" methods="1" coveredmethods="1" conditionals="0" coveredconditionals="0" statements="2" coveredstatements="2" elements="3" coveredelements="3"/>
        </class>
        <line num="7" type="method" name="__construct" visibility="public" complexity="1" crap="1" count="1"/>
        <line num="8" type="stmt" count="1"/>
        <line num="9" type="stmt" count="1"/>
        <metrics loc="9" ncloc="9" classes="1" methods="1" coveredmethods="1" conditionals="0" coveredconditionals="0" statements="2" coveredstatements="2" elements="3" coveredelements="3"/>
      </file>
      <file name="/Users/dougwoodrow/Developer/Knack/knack-zerobounce/src/Knack/ZeroBounce/Exceptions/ResponseException.php">
        <class name="Knack\ZeroBounce\Exceptions\ResponseException" namespace="Knack\ZeroBounce\Exceptions">
          <metrics complexity="1" methods="1" coveredmethods="0" conditionals="0" coveredconditionals="0" statements="2" coveredstatements="0" elements="3" coveredelements="0"/>
        </class>
        <line num="7" type="method" name="__construct" visibility="public" complexity="1" crap="2.00" count="0"/>
        <line num="8" type="stmt" count="0"/>
        <line num="9" type="stmt" count="0"/>
        <metrics loc="9" ncloc="9" classes="1" methods="1" coveredmethods="0" conditionals="0" coveredconditionals="0" statements="2" coveredstatements="0" elements="3" coveredelements="0"/>
      </file>
      <file name="/Users/dougwoodrow/Developer/Knack/knack-zerobounce/src/Knack/ZeroBounce/Exceptions/ZeroBounceException.php">
        <class name="Knack\ZeroBounce\Exceptions\ZeroBounceException" namespace="Knack\ZeroBounce\Exceptions">
          <metrics complexity="1" methods="1" coveredmethods="0" conditionals="0" coveredconditionals="0" statements="2" coveredstatements="0" elements="3" coveredelements="0"/>
        </class>
        <line num="7" type="method" name="__construct" visibility="public" complexity="1" crap="2.00" count="0"/>
        <line num="8" type="stmt" count="0"/>
        <line num="9" type="stmt" count="0"/>
        <metrics loc="9" ncloc="9" classes="1" methods="1" coveredmethods="0" conditionals="0" coveredconditionals="0" statements="2" coveredstatements="0" elements="3" coveredelements="0"/>
      </file>
    </package>
    <package name="Knack\ZeroBounce\Models">
      <file name="/Users/dougwoodrow/Developer/Knack/knack-zerobounce/src/Knack/ZeroBounce/Models/Response.php">
        <class name="Knack\ZeroBounce\Models\Response" namespace="Knack\ZeroBounce\Models">
          <metrics complexity="1" methods="1" coveredmethods="1" conditionals="0" coveredconditionals="0" statements="20" coveredstatements="20" elements="21" coveredelements="21"/>
        </class>
        <line num="128" type="method" name="__construct" visibility="public" complexity="1" crap="1" count="2"/>
        <line num="129" type="stmt" count="2"/>
        <line num="130" type="stmt" count="2"/>
        <line num="131" type="stmt" count="2"/>
        <line num="132" type="stmt" count="2"/>
        <line num="133" type="stmt" count="2"/>
        <line num="134" type="stmt" count="2"/>
        <line num="135" type="stmt" count="2"/>
        <line num="136" type="stmt" count="2"/>
        <line num="137" type="stmt" count="2"/>
        <line num="138" type="stmt" count="2"/>
        <line num="139" type="stmt" count="2"/>
        <line num="140" type="stmt" count="2"/>
        <line num="141" type="stmt" count="2"/>
        <line num="142" type="stmt" count="2"/>
        <line num="143" type="stmt" count="2"/>
        <line num="144" type="stmt" count="2"/>
        <line num="145" type="stmt" count="2"/>
        <line num="146" type="stmt" count="2"/>
        <line num="147" type="stmt" count="2"/>
        <line num="148" type="stmt" count="2"/>
        <metrics loc="150" ncloc="70" classes="1" methods="1" coveredmethods="1" conditionals="0" coveredconditionals="0" statements="20" coveredstatements="20" elements="21" coveredelements="21"/>
      </file>
    </package>
    <package name="Knack\ZeroBounce\Providers">
      <file name="/Users/dougwoodrow/Developer/Knack/knack-zerobounce/src/Knack/ZeroBounce/Providers/ZeroBounceServiceProvider.php">
        <class name="Knack\ZeroBounce\Providers\ZeroBounceServiceProvider" namespace="Knack\ZeroBounce\Providers">
          <metrics complexity="2" methods="2" coveredmethods="0" conditionals="0" coveredconditionals="0" statements="5" coveredstatements="0" elements="7" coveredelements="0"/>
        </class>
        <line num="14" type="method" name="register" visibility="public" complexity="1" crap="2.00" count="0"/>
        <line num="16" type="stmt" count="0"/>
        <line num="17" type="stmt" count="0"/>
        <line num="18" type="stmt" count="0"/>
        <line num="26" type="method" name="provides" visibility="public" complexity="1" crap="2.00" count="0"/>
        <line num="27" type="stmt" count="0"/>
        <line num="28" type="stmt" count="0"/>
        <metrics loc="28" ncloc="18" classes="1" methods="2" coveredmethods="0" conditionals="0" coveredconditionals="0" statements="5" coveredstatements="0" elements="7" coveredelements="0"/>
      </file>
    </package>
    <package name="Knack\ZeroBounce\Utilities">
      <file name="/Users/dougwoodrow/Developer/Knack/knack-zerobounce/src/Knack/ZeroBounce/Utilities/Environment.php">
        <class name="Knack\ZeroBounce\Utilities\Environment" namespace="Knack\ZeroBounce\Utilities">
          <metrics complexity="1" methods="1" coveredmethods="1" conditionals="0" coveredconditionals="0" statements="1" coveredstatements="1" elements="2" coveredelements="2"/>
        </class>
        <line num="12" type="method" name="get" visibility="public" complexity="1" crap="1" count="5"/>
        <line num="13" type="stmt" count="5"/>
        <metrics loc="14" ncloc="7" classes="1" methods="1" coveredmethods="1" conditionals="0" coveredconditionals="0" statements="1" coveredstatements="1" elements="2" coveredelements="2"/>
      </file>
    </package>
    <metrics files="11" loc="521" ncloc="370" classes="11" methods="17" coveredmethods="8" conditionals="0" coveredconditionals="0" statements="143" coveredstatements="104" elements="160" coveredelements="112"/>
  </project>
</coverage>
